# JRE version: OpenJDK Runtime Environment (17.0.9+9) (build 17.0.9+9-Ubuntu-122.04)
# Java VM: OpenJDK 64-Bit Server VM (17.0.9+9-Ubuntu-122.04, mixed mode, sharing, tiered, compressed oops, compressed class ptrs, g1 gc, linux-amd64)
GC Precious Log:
 CPUs: 8 total, 8 available
 Memory: 3825M
 Large Page Support: Disabled
 NUMA Support: Disabled
 Compressed Oops: Enabled (32-bit)
 Heap Region Size: 1M
 Heap Min Capacity: 8M
 Heap Initial Capacity: 60M
 Heap Max Capacity: 958M
 Pre-touch: Disabled
 Parallel Workers: 8
 Concurrent Workers: 2
 Concurrent Refinement Workers: 8
 Periodic GC: Disabled
Heap:
 garbage-first heap   total 217088K, used 78099K [0x00000000c4200000, 0x0000000100000000)
  region size 1024K, 20 young (20480K), 2 survivors (2048K)
 Metaspace       used 30613K, committed 31104K, reserved 1114112K
  class space    used 3834K, committed 4032K, reserved 1048576K
GC Heap History (20 events):
Event: 1.940 GC heap before
{Heap before GC invocations=5 (full 0):
 garbage-first heap   total 63488K, used 38917K [0x00000000c4200000, 0x0000000100000000)
  region size 1024K, 36 young (36864K), 4 survivors (4096K)
 Metaspace       used 21150K, committed 21504K, reserved 1114112K
  class space    used 2695K, committed 2880K, reserved 1048576K
}
Event: 1.947 GC heap after
{Heap after GC invocations=6 (full 0):
 garbage-first heap   total 76800K, used 8864K [0x00000000c4200000, 0x0000000100000000)
  region size 1024K, 4 young (4096K), 4 survivors (4096K)
 Metaspace       used 21150K, committed 21504K, reserved 1114112K
  class space    used 2695K, committed 2880K, reserved 1048576K
}
Event: 1.949 GC heap before
{Heap before GC invocations=6 (full 0):
 garbage-first heap   total 76800K, used 8864K [0x00000000c4200000, 0x0000000100000000)
  region size 1024K, 5 young (5120K), 4 survivors (4096K)
 Metaspace       used 21164K, committed 21504K, reserved 1114112K
  class space    used 2699K, committed 2880K, reserved 1048576K
}
Event: 1.955 GC heap after
{Heap after GC invocations=7 (full 0):
 garbage-first heap   total 76800K, used 8888K [0x00000000c4200000, 0x0000000100000000)
  region size 1024K, 3 young (3072K), 3 survivors (3072K)
 Metaspace       used 21164K, committed 21504K, reserved 1114112K
  class space    used 2699K, committed 2880K, reserved 1048576K
}
Event: 2.189 GC heap before
{Heap before GC invocations=8 (full 0):
 garbage-first heap   total 37888K, used 30392K [0x00000000c4200000, 0x0000000100000000)
  region size 1024K, 25 young (25600K), 3 survivors (3072K)
 Metaspace       used 24489K, committed 24960K, reserved 1114112K
  class space    used 3085K, committed 3328K, reserved 1048576K
}
Event: 2.196 GC heap after
{Heap after GC invocations=9 (full 0):
 garbage-first heap   total 37888K, used 10505K [0x00000000c4200000, 0x0000000100000000)
  region size 1024K, 5 young (5120K), 5 survivors (5120K)
 Metaspace       used 24489K, committed 24960K, reserved 1114112K
  class space    used 3085K, committed 3328K, reserved 1048576K
}
Event: 2.211 GC heap before
{Heap before GC invocations=9 (full 0):
 garbage-first heap   total 37888K, used 11529K [0x00000000c4200000, 0x0000000100000000)
  region size 1024K, 6 young (6144K), 5 survivors (5120K)
 Metaspace       used 24605K, committed 25024K, reserved 1114112K
  class space    used 3102K, committed 3328K, reserved 1048576K
}
Event: 2.217 GC heap after
{Heap after GC invocations=10 (full 0):
 garbage-first heap   total 37888K, used 11190K [0x00000000c4200000, 0x0000000100000000)
  region size 1024K, 1 young (1024K), 1 survivors (1024K)
 Metaspace       used 24605K, committed 25024K, reserved 1114112K
  class space    used 3102K, committed 3328K, reserved 1048576K
}
Event: 2.384 GC heap before
{Heap before GC invocations=10 (full 0):
 garbage-first heap   total 37888K, used 27574K [0x00000000c4200000, 0x0000000100000000)
  region size 1024K, 18 young (18432K), 1 survivors (1024K)
 Metaspace       used 26033K, committed 26368K, reserved 1114112K
  class space    used 3287K, committed 3456K, reserved 1048576K
}
Event: 2.387 GC heap after
{Heap after GC invocations=11 (full 0):
 garbage-first heap   total 74752K, used 11483K [0x00000000c4200000, 0x0000000100000000)
  region size 1024K, 2 young (2048K), 2 survivors (2048K)
 Metaspace       used 26033K, committed 26368K, reserved 1114112K
  class space    used 3287K, committed 3456K, reserved 1048576K
}
Event: 7.458 GC heap before
{Heap before GC invocations=11 (full 0):
 garbage-first heap   total 74752K, used 60635K [0x00000000c4200000, 0x0000000100000000)
  region size 1024K, 43 young (44032K), 2 survivors (2048K)
 Metaspace       used 30597K, committed 31040K, reserved 1114112K
  class space    used 3833K, committed 4032K, reserved 1048576K
}
Event: 7.463 GC heap after
{Heap after GC invocations=12 (full 0):
 garbage-first heap   total 74752K, used 23297K [0x00000000c4200000, 0x0000000100000000)
  region size 1024K, 6 young (6144K), 6 survivors (6144K)
 Metaspace       used 30597K, committed 31040K, reserved 1114112K
  class space    used 3833K, committed 4032K, reserved 1048576K
}
Event: 7.497 GC heap before
{Heap before GC invocations=12 (full 0):
 garbage-first heap   total 74752K, used 56065K [0x00000000c4200000, 0x0000000100000000)
  region size 1024K, 38 young (38912K), 6 survivors (6144K)
 Metaspace       used 30612K, committed 31104K, reserved 1114112K
  class space    used 3833K, committed 4032K, reserved 1048576K
}
Event: 7.507 GC heap after
{Heap after GC invocations=13 (full 0):
 garbage-first heap   total 81920K, used 41280K [0x00000000c4200000, 0x0000000100000000)
  region size 1024K, 5 young (5120K), 5 survivors (5120K)
 Metaspace       used 30612K, committed 31104K, reserved 1114112K
  class space    used 3833K, committed 4032K, reserved 1048576K
}
Event: 7.519 GC heap before
{Heap before GC invocations=13 (full 0):
 garbage-first heap   total 81920K, used 57664K [0x00000000c4200000, 0x0000000100000000)
  region size 1024K, 21 young (21504K), 5 survivors (5120K)
 Metaspace       used 30612K, committed 31104K, reserved 1114112K
  class space    used 3833K, committed 4032K, reserved 1048576K
}
Event: 7.525 GC heap after
{Heap after GC invocations=14 (full 0):
 garbage-first heap   total 81920K, used 50096K [0x00000000c4200000, 0x0000000100000000)
  region size 1024K, 3 young (3072K), 3 survivors (3072K)
 Metaspace       used 30612K, committed 31104K, reserved 1114112K
  class space    used 3833K, committed 4032K, reserved 1048576K
}
Event: 7.533 GC heap before
{Heap before GC invocations=14 (full 0):
 garbage-first heap   total 81920K, used 60336K [0x00000000c4200000, 0x0000000100000000)
  region size 1024K, 13 young (13312K), 3 survivors (3072K)
 Metaspace       used 30612K, committed 31104K, reserved 1114112K
  class space    used 3833K, committed 4032K, reserved 1048576K
}
Event: 7.538 GC heap after
{Heap after GC invocations=15 (full 0):
 garbage-first heap   total 81920K, used 56217K [0x00000000c4200000, 0x0000000100000000)
  region size 1024K, 2 young (2048K), 2 survivors (2048K)
 Metaspace       used 30612K, committed 31104K, reserved 1114112K
  class space    used 3833K, committed 4032K, reserved 1048576K
}
Event: 7.543 GC heap before
{Heap before GC invocations=15 (full 0):
 garbage-first heap   total 81920K, used 63385K [0x00000000c4200000, 0x0000000100000000)
  region size 1024K, 9 young (9216K), 2 survivors (2048K)
 Metaspace       used 30612K, committed 31104K, reserved 1114112K
  class space    used 3833K, committed 4032K, reserved 1048576K
}
Event: 7.547 GC heap after
{Heap after GC invocations=16 (full 0):
 garbage-first heap   total 217088K, used 60691K [0x00000000c4200000, 0x0000000100000000)
  region size 1024K, 2 young (2048K), 2 survivors (2048K)
 Metaspace       used 30612K, committed 31104K, reserved 1114112K
  class space    used 3833K, committed 4032K, reserved 1048576K
}

