# JRE version: OpenJDK Runtime Environment (17.0.9+9) (build 17.0.9+9-Ubuntu-122.04)
# Java VM: OpenJDK 64-Bit Server VM (17.0.9+9-Ubuntu-122.04, mixed mode, sharing, tiered, compressed oops, compressed class ptrs, g1 gc, linux-amd64)
GC Precious Log:
 CPUs: 8 total, 8 available
 Memory: 3825M
 Large Page Support: Disabled
 NUMA Support: Disabled
 Compressed Oops: Enabled (32-bit)
 Heap Region Size: 1M
 Heap Min Capacity: 8M
 Heap Initial Capacity: 60M
 Heap Max Capacity: 958M
 Pre-touch: Disabled
 Parallel Workers: 8
 Concurrent Workers: 2
 Concurrent Refinement Workers: 8
 Periodic GC: Disabled
Heap:
 garbage-first heap   total 140288K, used 72929K [0x00000000c4200000, 0x0000000100000000)
  region size 1024K, 18 young (18432K), 6 survivors (6144K)
 Metaspace       used 30633K, committed 31040K, reserved 1114112K
  class space    used 3834K, committed 4032K, reserved 1048576K
GC Heap History (20 events):
Event: 2.409 GC heap before
{Heap before GC invocations=8 (full 0):
 garbage-first heap   total 37888K, used 27082K [0x00000000c4200000, 0x0000000100000000)
  region size 1024K, 21 young (21504K), 5 survivors (5120K)
 Metaspace       used 25835K, committed 26304K, reserved 1114112K
  class space    used 3258K, committed 3456K, reserved 1048576K
}
Event: 2.414 GC heap after
{Heap after GC invocations=9 (full 0):
 garbage-first heap   total 37888K, used 11609K [0x00000000c4200000, 0x0000000100000000)
  region size 1024K, 2 young (2048K), 2 survivors (2048K)
 Metaspace       used 25835K, committed 26304K, reserved 1114112K
  class space    used 3258K, committed 3456K, reserved 1048576K
}
Event: 2.593 GC heap before
{Heap before GC invocations=9 (full 0):
 garbage-first heap   total 37888K, used 26969K [0x00000000c4200000, 0x0000000100000000)
  region size 1024K, 17 young (17408K), 2 survivors (2048K)
 Metaspace       used 27258K, committed 27648K, reserved 1114112K
  class space    used 3438K, committed 3648K, reserved 1048576K
}
Event: 2.596 GC heap after
{Heap after GC invocations=10 (full 0):
 garbage-first heap   total 37888K, used 12327K [0x00000000c4200000, 0x0000000100000000)
  region size 1024K, 2 young (2048K), 2 survivors (2048K)
 Metaspace       used 27258K, committed 27648K, reserved 1114112K
  class space    used 3438K, committed 3648K, reserved 1048576K
}
Event: 4.631 GC heap before
{Heap before GC invocations=10 (full 0):
 garbage-first heap   total 37888K, used 26663K [0x00000000c4200000, 0x0000000100000000)
  region size 1024K, 17 young (17408K), 2 survivors (2048K)
 Metaspace       used 29278K, committed 29760K, reserved 1114112K
  class space    used 3694K, committed 3968K, reserved 1048576K
}
Event: 4.635 GC heap after
{Heap after GC invocations=11 (full 0):
 garbage-first heap   total 37888K, used 12818K [0x00000000c4200000, 0x0000000100000000)
  region size 1024K, 2 young (2048K), 2 survivors (2048K)
 Metaspace       used 29278K, committed 29760K, reserved 1114112K
  class space    used 3694K, committed 3968K, reserved 1048576K
}
Event: 4.683 GC heap before
{Heap before GC invocations=11 (full 0):
 garbage-first heap   total 37888K, used 14866K [0x00000000c4200000, 0x0000000100000000)
  region size 1024K, 5 young (5120K), 2 survivors (2048K)
 Metaspace       used 30481K, committed 30912K, reserved 1114112K
  class space    used 3825K, committed 4032K, reserved 1048576K
}
Event: 4.685 GC heap after
{Heap after GC invocations=12 (full 0):
 garbage-first heap   total 37888K, used 13060K [0x00000000c4200000, 0x0000000100000000)
  region size 1024K, 2 young (2048K), 2 survivors (2048K)
 Metaspace       used 30481K, committed 30912K, reserved 1114112K
  class space    used 3825K, committed 4032K, reserved 1048576K
}
Event: 4.739 GC heap before
{Heap before GC invocations=12 (full 0):
 garbage-first heap   total 37888K, used 30468K [0x00000000c4200000, 0x0000000100000000)
  region size 1024K, 14 young (14336K), 2 survivors (2048K)
 Metaspace       used 30617K, committed 31040K, reserved 1114112K
  class space    used 3833K, committed 4032K, reserved 1048576K
}
Event: 4.747 GC heap after
{Heap after GC invocations=13 (full 0):
 garbage-first heap   total 53248K, used 25588K [0x00000000c4200000, 0x0000000100000000)
  region size 1024K, 3 young (3072K), 3 survivors (3072K)
 Metaspace       used 30617K, committed 31040K, reserved 1114112K
  class space    used 3833K, committed 4032K, reserved 1048576K
}
Event: 4.765 GC heap before
{Heap before GC invocations=13 (full 0):
 garbage-first heap   total 53248K, used 35828K [0x00000000c4200000, 0x0000000100000000)
  region size 1024K, 14 young (14336K), 3 survivors (3072K)
 Metaspace       used 30632K, committed 31040K, reserved 1114112K
  class space    used 3833K, committed 4032K, reserved 1048576K
}
Event: 4.769 GC heap after
{Heap after GC invocations=14 (full 0):
 garbage-first heap   total 53248K, used 31728K [0x00000000c4200000, 0x0000000100000000)
  region size 1024K, 2 young (2048K), 2 survivors (2048K)
 Metaspace       used 30632K, committed 31040K, reserved 1114112K
  class space    used 3833K, committed 4032K, reserved 1048576K
}
Event: 4.774 GC heap before
{Heap before GC invocations=14 (full 0):
 garbage-first heap   total 53248K, used 36848K [0x00000000c4200000, 0x0000000100000000)
  region size 1024K, 7 young (7168K), 2 survivors (2048K)
 Metaspace       used 30632K, committed 31040K, reserved 1114112K
  class space    used 3833K, committed 4032K, reserved 1048576K
}
Event: 4.778 GC heap after
{Heap after GC invocations=15 (full 0):
 garbage-first heap   total 53248K, used 34609K [0x00000000c4200000, 0x0000000100000000)
  region size 1024K, 1 young (1024K), 1 survivors (1024K)
 Metaspace       used 30632K, committed 31040K, reserved 1114112K
  class space    used 3833K, committed 4032K, reserved 1048576K
}
Event: 4.783 GC heap before
{Heap before GC invocations=15 (full 0):
 garbage-first heap   total 53248K, used 38705K [0x00000000c4200000, 0x0000000100000000)
  region size 1024K, 5 young (5120K), 1 survivors (1024K)
 Metaspace       used 30632K, committed 31040K, reserved 1114112K
  class space    used 3833K, committed 4032K, reserved 1048576K
}
Event: 4.786 GC heap after
{Heap after GC invocations=16 (full 0):
 garbage-first heap   total 53248K, used 36835K [0x00000000c4200000, 0x0000000100000000)
  region size 1024K, 1 young (1024K), 1 survivors (1024K)
 Metaspace       used 30632K, committed 31040K, reserved 1114112K
  class space    used 3833K, committed 4032K, reserved 1048576K
}
Event: 4.788 GC heap before
{Heap before GC invocations=16 (full 0):
 garbage-first heap   total 53248K, used 38883K [0x00000000c4200000, 0x0000000100000000)
  region size 1024K, 3 young (3072K), 1 survivors (1024K)
 Metaspace       used 30632K, committed 31040K, reserved 1114112K
  class space    used 3833K, committed 4032K, reserved 1048576K
}
Event: 4.792 GC heap after
{Heap after GC invocations=17 (full 0):
 garbage-first heap   total 158720K, used 38043K [0x00000000c4200000, 0x0000000100000000)
  region size 1024K, 1 young (1024K), 1 survivors (1024K)
 Metaspace       used 30632K, committed 31040K, reserved 1114112K
  class space    used 3833K, committed 4032K, reserved 1048576K
}
Event: 4.839 GC heap before
{Heap before GC invocations=18 (full 0):
 garbage-first heap   total 140288K, used 85147K [0x00000000c4200000, 0x0000000100000000)
  region size 1024K, 47 young (48128K), 1 survivors (1024K)
 Metaspace       used 30632K, committed 31040K, reserved 1114112K
  class space    used 3833K, committed 4032K, reserved 1048576K
}
Event: 4.859 GC heap after
{Heap after GC invocations=19 (full 0):
 garbage-first heap   total 140288K, used 61665K [0x00000000c4200000, 0x0000000100000000)
  region size 1024K, 6 young (6144K), 6 survivors (6144K)
 Metaspace       used 30632K, committed 31040K, reserved 1114112K
  class space    used 3833K, committed 4032K, reserved 1048576K
}

