# JRE version: OpenJDK Runtime Environment (17.0.9+9) (build 17.0.9+9-Ubuntu-122.04)
# Java VM: OpenJDK 64-Bit Server VM (17.0.9+9-Ubuntu-122.04, mixed mode, sharing, tiered, compressed oops, compressed class ptrs, g1 gc, linux-amd64)
GC Precious Log:
 CPUs: 8 total, 8 available
 Memory: 3825M
 Large Page Support: Disabled
 NUMA Support: Disabled
 Compressed Oops: Enabled (32-bit)
 Heap Region Size: 1M
 Heap Min Capacity: 8M
 Heap Initial Capacity: 60M
 Heap Max Capacity: 958M
 Pre-touch: Disabled
 Parallel Workers: 8
 Concurrent Workers: 2
 Concurrent Refinement Workers: 8
 Periodic GC: Disabled
Heap:
 garbage-first heap   total 140288K, used 76366K [0x00000000c4200000, 0x0000000100000000)
  region size 1024K, 24 young (24576K), 6 survivors (6144K)
 Metaspace       used 30644K, committed 31104K, reserved 1114112K
  class space    used 3835K, committed 4032K, reserved 1048576K
GC Heap History (20 events):
Event: 2.645 GC heap before
{Heap before GC invocations=8 (full 0):
 garbage-first heap   total 37888K, used 27042K [0x00000000c4200000, 0x0000000100000000)
  region size 1024K, 21 young (21504K), 5 survivors (5120K)
 Metaspace       used 25844K, committed 26304K, reserved 1114112K
  class space    used 3258K, committed 3456K, reserved 1048576K
}
Event: 2.649 GC heap after
{Heap after GC invocations=9 (full 0):
 garbage-first heap   total 37888K, used 11710K [0x00000000c4200000, 0x0000000100000000)
  region size 1024K, 2 young (2048K), 2 survivors (2048K)
 Metaspace       used 25844K, committed 26304K, reserved 1114112K
  class space    used 3258K, committed 3456K, reserved 1048576K
}
Event: 2.841 GC heap before
{Heap before GC invocations=9 (full 0):
 garbage-first heap   total 37888K, used 27070K [0x00000000c4200000, 0x0000000100000000)
  region size 1024K, 17 young (17408K), 2 survivors (2048K)
 Metaspace       used 27271K, committed 27712K, reserved 1114112K
  class space    used 3438K, committed 3648K, reserved 1048576K
}
Event: 2.844 GC heap after
{Heap after GC invocations=10 (full 0):
 garbage-first heap   total 37888K, used 12361K [0x00000000c4200000, 0x0000000100000000)
  region size 1024K, 2 young (2048K), 2 survivors (2048K)
 Metaspace       used 27271K, committed 27712K, reserved 1114112K
  class space    used 3438K, committed 3648K, reserved 1048576K
}
Event: 12.109 GC heap before
{Heap before GC invocations=10 (full 0):
 garbage-first heap   total 37888K, used 27721K [0x00000000c4200000, 0x0000000100000000)
  region size 1024K, 17 young (17408K), 2 survivors (2048K)
 Metaspace       used 29358K, committed 29824K, reserved 1114112K
  class space    used 3706K, committed 3968K, reserved 1048576K
}
Event: 12.112 GC heap after
{Heap after GC invocations=11 (full 0):
 garbage-first heap   total 37888K, used 12882K [0x00000000c4200000, 0x0000000100000000)
  region size 1024K, 2 young (2048K), 2 survivors (2048K)
 Metaspace       used 29358K, committed 29824K, reserved 1114112K
  class space    used 3706K, committed 3968K, reserved 1048576K
}
Event: 12.161 GC heap before
{Heap before GC invocations=11 (full 0):
 garbage-first heap   total 37888K, used 14930K [0x00000000c4200000, 0x0000000100000000)
  region size 1024K, 5 young (5120K), 2 survivors (2048K)
 Metaspace       used 30489K, committed 30912K, reserved 1114112K
  class space    used 3825K, committed 4032K, reserved 1048576K
}
Event: 12.164 GC heap after
{Heap after GC invocations=12 (full 0):
 garbage-first heap   total 37888K, used 13044K [0x00000000c4200000, 0x0000000100000000)
  region size 1024K, 2 young (2048K), 2 survivors (2048K)
 Metaspace       used 30489K, committed 30912K, reserved 1114112K
  class space    used 3825K, committed 4032K, reserved 1048576K
}
Event: 12.227 GC heap before
{Heap before GC invocations=12 (full 0):
 garbage-first heap   total 37888K, used 30452K [0x00000000c4200000, 0x0000000100000000)
  region size 1024K, 14 young (14336K), 2 survivors (2048K)
 Metaspace       used 30625K, committed 31040K, reserved 1114112K
  class space    used 3833K, committed 4032K, reserved 1048576K
}
Event: 12.239 GC heap after
{Heap after GC invocations=13 (full 0):
 garbage-first heap   total 52224K, used 25486K [0x00000000c4200000, 0x0000000100000000)
  region size 1024K, 3 young (3072K), 3 survivors (3072K)
 Metaspace       used 30625K, committed 31040K, reserved 1114112K
  class space    used 3833K, committed 4032K, reserved 1048576K
}
Event: 12.257 GC heap before
{Heap before GC invocations=13 (full 0):
 garbage-first heap   total 52224K, used 35726K [0x00000000c4200000, 0x0000000100000000)
  region size 1024K, 13 young (13312K), 3 survivors (3072K)
 Metaspace       used 30640K, committed 31104K, reserved 1114112K
  class space    used 3833K, committed 4032K, reserved 1048576K
}
Event: 12.261 GC heap after
{Heap after GC invocations=14 (full 0):
 garbage-first heap   total 52224K, used 31171K [0x00000000c4200000, 0x0000000100000000)
  region size 1024K, 2 young (2048K), 2 survivors (2048K)
 Metaspace       used 30640K, committed 31104K, reserved 1114112K
  class space    used 3833K, committed 4032K, reserved 1048576K
}
Event: 12.269 GC heap before
{Heap before GC invocations=14 (full 0):
 garbage-first heap   total 52224K, used 36291K [0x00000000c4200000, 0x0000000100000000)
  region size 1024K, 7 young (7168K), 2 survivors (2048K)
 Metaspace       used 30640K, committed 31104K, reserved 1114112K
  class space    used 3833K, committed 4032K, reserved 1048576K
}
Event: 12.273 GC heap after
{Heap after GC invocations=15 (full 0):
 garbage-first heap   total 52224K, used 33894K [0x00000000c4200000, 0x0000000100000000)
  region size 1024K, 1 young (1024K), 1 survivors (1024K)
 Metaspace       used 30640K, committed 31104K, reserved 1114112K
  class space    used 3833K, committed 4032K, reserved 1048576K
}
Event: 12.280 GC heap before
{Heap before GC invocations=15 (full 0):
 garbage-first heap   total 52224K, used 36966K [0x00000000c4200000, 0x0000000100000000)
  region size 1024K, 4 young (4096K), 1 survivors (1024K)
 Metaspace       used 30640K, committed 31104K, reserved 1114112K
  class space    used 3833K, committed 4032K, reserved 1048576K
}
Event: 12.283 GC heap after
{Heap after GC invocations=16 (full 0):
 garbage-first heap   total 52224K, used 35673K [0x00000000c4200000, 0x0000000100000000)
  region size 1024K, 1 young (1024K), 1 survivors (1024K)
 Metaspace       used 30640K, committed 31104K, reserved 1114112K
  class space    used 3833K, committed 4032K, reserved 1048576K
}
Event: 12.286 GC heap before
{Heap before GC invocations=16 (full 0):
 garbage-first heap   total 52224K, used 38745K [0x00000000c4200000, 0x0000000100000000)
  region size 1024K, 4 young (4096K), 1 survivors (1024K)
 Metaspace       used 30640K, committed 31104K, reserved 1114112K
  class space    used 3833K, committed 4032K, reserved 1048576K
}
Event: 12.290 GC heap after
{Heap after GC invocations=17 (full 0):
 garbage-first heap   total 149504K, used 37290K [0x00000000c4200000, 0x0000000100000000)
  region size 1024K, 1 young (1024K), 1 survivors (1024K)
 Metaspace       used 30640K, committed 31104K, reserved 1114112K
  class space    used 3833K, committed 4032K, reserved 1048576K
}
Event: 12.339 GC heap before
{Heap before GC invocations=18 (full 0):
 garbage-first heap   total 140288K, used 80298K [0x00000000c4200000, 0x0000000100000000)
  region size 1024K, 43 young (44032K), 1 survivors (1024K)
 Metaspace       used 30640K, committed 31104K, reserved 1114112K
  class space    used 3833K, committed 4032K, reserved 1048576K
}
Event: 12.358 GC heap after
{Heap after GC invocations=19 (full 0):
 garbage-first heap   total 140288K, used 58958K [0x00000000c4200000, 0x0000000100000000)
  region size 1024K, 6 young (6144K), 6 survivors (6144K)
 Metaspace       used 30640K, committed 31104K, reserved 1114112K
  class space    used 3833K, committed 4032K, reserved 1048576K
}

