# JRE version: OpenJDK Runtime Environment (17.0.9+9) (build 17.0.9+9-Ubuntu-122.04)
# Java VM: OpenJDK 64-Bit Server VM (17.0.9+9-Ubuntu-122.04, mixed mode, sharing, tiered, compressed oops, compressed class ptrs, g1 gc, linux-amd64)
GC Precious Log:
 CPUs: 8 total, 8 available
 Memory: 3825M
 Large Page Support: Disabled
 NUMA Support: Disabled
 Compressed Oops: Enabled (32-bit)
 Heap Region Size: 1M
 Heap Min Capacity: 8M
 Heap Initial Capacity: 60M
 Heap Max Capacity: 958M
 Pre-touch: Disabled
 Parallel Workers: 8
 Concurrent Workers: 2
 Concurrent Refinement Workers: 8
 Periodic GC: Disabled
Heap:
 garbage-first heap   total 165888K, used 71517K [0x00000000c4200000, 0x0000000100000000)
  region size 1024K, 14 young (14336K), 6 survivors (6144K)
 Metaspace       used 30630K, committed 31104K, reserved 1114112K
  class space    used 3838K, committed 4032K, reserved 1048576K
GC Heap History (20 events):
Event: 2.259 GC heap before
{Heap before GC invocations=8 (full 0):
 garbage-first heap   total 37888K, used 27035K [0x00000000c4200000, 0x0000000100000000)
  region size 1024K, 21 young (21504K), 5 survivors (5120K)
 Metaspace       used 25838K, committed 26240K, reserved 1114112K
  class space    used 3261K, committed 3456K, reserved 1048576K
}
Event: 2.263 GC heap after
{Heap after GC invocations=9 (full 0):
 garbage-first heap   total 37888K, used 11581K [0x00000000c4200000, 0x0000000100000000)
  region size 1024K, 2 young (2048K), 2 survivors (2048K)
 Metaspace       used 25838K, committed 26240K, reserved 1114112K
  class space    used 3261K, committed 3456K, reserved 1048576K
}
Event: 2.428 GC heap before
{Heap before GC invocations=9 (full 0):
 garbage-first heap   total 37888K, used 26941K [0x00000000c4200000, 0x0000000100000000)
  region size 1024K, 17 young (17408K), 2 survivors (2048K)
 Metaspace       used 27260K, committed 27712K, reserved 1114112K
  class space    used 3441K, committed 3648K, reserved 1048576K
}
Event: 2.430 GC heap after
{Heap after GC invocations=10 (full 0):
 garbage-first heap   total 37888K, used 12296K [0x00000000c4200000, 0x0000000100000000)
  region size 1024K, 2 young (2048K), 2 survivors (2048K)
 Metaspace       used 27260K, committed 27712K, reserved 1114112K
  class space    used 3441K, committed 3648K, reserved 1048576K
}
Event: 6.895 GC heap before
{Heap before GC invocations=10 (full 0):
 garbage-first heap   total 37888K, used 26632K [0x00000000c4200000, 0x0000000100000000)
  region size 1024K, 17 young (17408K), 2 survivors (2048K)
 Metaspace       used 29333K, committed 29824K, reserved 1114112K
  class space    used 3708K, committed 3968K, reserved 1048576K
}
Event: 6.898 GC heap after
{Heap after GC invocations=11 (full 0):
 garbage-first heap   total 37888K, used 12891K [0x00000000c4200000, 0x0000000100000000)
  region size 1024K, 2 young (2048K), 2 survivors (2048K)
 Metaspace       used 29333K, committed 29824K, reserved 1114112K
  class space    used 3708K, committed 3968K, reserved 1048576K
}
Event: 6.941 GC heap before
{Heap before GC invocations=11 (full 0):
 garbage-first heap   total 37888K, used 14939K [0x00000000c4200000, 0x0000000100000000)
  region size 1024K, 5 young (5120K), 2 survivors (2048K)
 Metaspace       used 30477K, committed 30976K, reserved 1114112K
  class space    used 3828K, committed 4032K, reserved 1048576K
}
Event: 6.944 GC heap after
{Heap after GC invocations=12 (full 0):
 garbage-first heap   total 37888K, used 12992K [0x00000000c4200000, 0x0000000100000000)
  region size 1024K, 2 young (2048K), 2 survivors (2048K)
 Metaspace       used 30477K, committed 30976K, reserved 1114112K
  class space    used 3828K, committed 4032K, reserved 1048576K
}
Event: 7.002 GC heap before
{Heap before GC invocations=12 (full 0):
 garbage-first heap   total 37888K, used 30400K [0x00000000c4200000, 0x0000000100000000)
  region size 1024K, 14 young (14336K), 2 survivors (2048K)
 Metaspace       used 30613K, committed 31104K, reserved 1114112K
  class space    used 3837K, committed 4032K, reserved 1048576K
}
Event: 7.020 GC heap after
{Heap after GC invocations=13 (full 0):
 garbage-first heap   total 55296K, used 25576K [0x00000000c4200000, 0x0000000100000000)
  region size 1024K, 3 young (3072K), 3 survivors (3072K)
 Metaspace       used 30613K, committed 31104K, reserved 1114112K
  class space    used 3837K, committed 4032K, reserved 1048576K
}
Event: 7.048 GC heap before
{Heap before GC invocations=13 (full 0):
 garbage-first heap   total 55296K, used 38888K [0x00000000c4200000, 0x0000000100000000)
  region size 1024K, 16 young (16384K), 3 survivors (3072K)
 Metaspace       used 30628K, committed 31104K, reserved 1114112K
  class space    used 3837K, committed 4032K, reserved 1048576K
}
Event: 7.055 GC heap after
{Heap after GC invocations=14 (full 0):
 garbage-first heap   total 55296K, used 32736K [0x00000000c4200000, 0x0000000100000000)
  region size 1024K, 2 young (2048K), 2 survivors (2048K)
 Metaspace       used 30628K, committed 31104K, reserved 1114112K
  class space    used 3837K, committed 4032K, reserved 1048576K
}
Event: 7.060 GC heap before
{Heap before GC invocations=14 (full 0):
 garbage-first heap   total 55296K, used 38880K [0x00000000c4200000, 0x0000000100000000)
  region size 1024K, 8 young (8192K), 2 survivors (2048K)
 Metaspace       used 30628K, committed 31104K, reserved 1114112K
  class space    used 3837K, committed 4032K, reserved 1048576K
}
Event: 7.064 GC heap after
{Heap after GC invocations=15 (full 0):
 garbage-first heap   total 55296K, used 36083K [0x00000000c4200000, 0x0000000100000000)
  region size 1024K, 1 young (1024K), 1 survivors (1024K)
 Metaspace       used 30628K, committed 31104K, reserved 1114112K
  class space    used 3837K, committed 4032K, reserved 1048576K
}
Event: 7.069 GC heap before
{Heap before GC invocations=15 (full 0):
 garbage-first heap   total 55296K, used 40179K [0x00000000c4200000, 0x0000000100000000)
  region size 1024K, 5 young (5120K), 1 survivors (1024K)
 Metaspace       used 30628K, committed 31104K, reserved 1114112K
  class space    used 3837K, committed 4032K, reserved 1048576K
}
Event: 7.073 GC heap after
{Heap after GC invocations=16 (full 0):
 garbage-first heap   total 55296K, used 38338K [0x00000000c4200000, 0x0000000100000000)
  region size 1024K, 1 young (1024K), 1 survivors (1024K)
 Metaspace       used 30628K, committed 31104K, reserved 1114112K
  class space    used 3837K, committed 4032K, reserved 1048576K
}
Event: 7.076 GC heap before
{Heap before GC invocations=16 (full 0):
 garbage-first heap   total 55296K, used 41410K [0x00000000c4200000, 0x0000000100000000)
  region size 1024K, 4 young (4096K), 1 survivors (1024K)
 Metaspace       used 30628K, committed 31104K, reserved 1114112K
  class space    used 3837K, committed 4032K, reserved 1048576K
}
Event: 7.080 GC heap after
{Heap after GC invocations=17 (full 0):
 garbage-first heap   total 165888K, used 40157K [0x00000000c4200000, 0x0000000100000000)
  region size 1024K, 1 young (1024K), 1 survivors (1024K)
 Metaspace       used 30628K, committed 31104K, reserved 1114112K
  class space    used 3837K, committed 4032K, reserved 1048576K
}
Event: 7.151 GC heap before
{Heap before GC invocations=18 (full 0):
 garbage-first heap   total 165888K, used 88285K [0x00000000c4200000, 0x0000000100000000)
  region size 1024K, 48 young (49152K), 1 survivors (1024K)
 Metaspace       used 30628K, committed 31104K, reserved 1114112K
  class space    used 3837K, committed 4032K, reserved 1048576K
}
Event: 7.172 GC heap after
{Heap after GC invocations=19 (full 0):
 garbage-first heap   total 165888K, used 64349K [0x00000000c4200000, 0x0000000100000000)
  region size 1024K, 6 young (6144K), 6 survivors (6144K)
 Metaspace       used 30628K, committed 31104K, reserved 1114112K
  class space    used 3837K, committed 4032K, reserved 1048576K
}

