# JRE version: OpenJDK Runtime Environment (17.0.9+9) (build 17.0.9+9-Ubuntu-122.04)
# Java VM: OpenJDK 64-Bit Server VM (17.0.9+9-Ubuntu-122.04, mixed mode, sharing, tiered, compressed oops, compressed class ptrs, g1 gc, linux-amd64)
GC Precious Log:
 CPUs: 8 total, 8 available
 Memory: 3825M
 Large Page Support: Disabled
 NUMA Support: Disabled
 Compressed Oops: Enabled (32-bit)
 Heap Region Size: 1M
 Heap Min Capacity: 8M
 Heap Initial Capacity: 60M
 Heap Max Capacity: 958M
 Pre-touch: Disabled
 Parallel Workers: 8
 Concurrent Workers: 2
 Concurrent Refinement Workers: 8
 Periodic GC: Disabled
Heap:
 garbage-first heap   total 46080K, used 20097K [0x00000000c4200000, 0x0000000100000000)
  region size 1024K, 11 young (11264K), 2 survivors (2048K)
 Metaspace       used 30642K, committed 31104K, reserved 1114112K
  class space    used 3840K, committed 4032K, reserved 1048576K
GC Heap History (20 events):
Event: 0.377 GC heap before
{Heap before GC invocations=0 (full 0):
 garbage-first heap   total 63488K, used 24496K [0x00000000c4200000, 0x0000000100000000)
  region size 1024K, 23 young (23552K), 0 survivors (0K)
 Metaspace       used 3795K, committed 4032K, reserved 1114112K
  class space    used 388K, committed 512K, reserved 1048576K
}
Event: 0.381 GC heap after
{Heap after GC invocations=1 (full 0):
 garbage-first heap   total 63488K, used 2608K [0x00000000c4200000, 0x0000000100000000)
  region size 1024K, 2 young (2048K), 2 survivors (2048K)
 Metaspace       used 3795K, committed 4032K, reserved 1114112K
  class space    used 388K, committed 512K, reserved 1048576K
}
Event: 0.725 GC heap before
{Heap before GC invocations=1 (full 0):
 garbage-first heap   total 63488K, used 37424K [0x00000000c4200000, 0x0000000100000000)
  region size 1024K, 36 young (36864K), 2 survivors (2048K)
 Metaspace       used 8117K, committed 8384K, reserved 1114112K
  class space    used 1005K, committed 1152K, reserved 1048576K
}
Event: 0.730 GC heap after
{Heap after GC invocations=2 (full 0):
 garbage-first heap   total 63488K, used 3914K [0x00000000c4200000, 0x0000000100000000)
  region size 1024K, 3 young (3072K), 3 survivors (3072K)
 Metaspace       used 8117K, committed 8384K, reserved 1114112K
  class space    used 1005K, committed 1152K, reserved 1048576K
}
Event: 0.904 GC heap before
{Heap before GC invocations=2 (full 0):
 garbage-first heap   total 63488K, used 37706K [0x00000000c4200000, 0x0000000100000000)
  region size 1024K, 36 young (36864K), 3 survivors (3072K)
 Metaspace       used 12334K, committed 12608K, reserved 1114112K
  class space    used 1490K, committed 1664K, reserved 1048576K
}
Event: 0.909 GC heap after
{Heap after GC invocations=3 (full 0):
 garbage-first heap   total 63488K, used 5327K [0x00000000c4200000, 0x0000000100000000)
  region size 1024K, 3 young (3072K), 3 survivors (3072K)
 Metaspace       used 12334K, committed 12608K, reserved 1114112K
  class space    used 1490K, committed 1664K, reserved 1048576K
}
Event: 1.110 GC heap before
{Heap before GC invocations=3 (full 0):
 garbage-first heap   total 63488K, used 39119K [0x00000000c4200000, 0x0000000100000000)
  region size 1024K, 36 young (36864K), 3 survivors (3072K)
 Metaspace       used 15859K, committed 16128K, reserved 1114112K
  class space    used 1969K, committed 2112K, reserved 1048576K
}
Event: 1.114 GC heap after
{Heap after GC invocations=4 (full 0):
 garbage-first heap   total 63488K, used 6382K [0x00000000c4200000, 0x0000000100000000)
  region size 1024K, 3 young (3072K), 3 survivors (3072K)
 Metaspace       used 15859K, committed 16128K, reserved 1114112K
  class space    used 1969K, committed 2112K, reserved 1048576K
}
Event: 1.416 GC heap before
{Heap before GC invocations=4 (full 0):
 garbage-first heap   total 63488K, used 40174K [0x00000000c4200000, 0x0000000100000000)
  region size 1024K, 36 young (36864K), 3 survivors (3072K)
 Metaspace       used 17785K, committed 18112K, reserved 1114112K
  class space    used 2197K, committed 2368K, reserved 1048576K
}
Event: 1.420 GC heap after
{Heap after GC invocations=5 (full 0):
 garbage-first heap   total 76800K, used 7249K [0x00000000c4200000, 0x0000000100000000)
  region size 1024K, 4 young (4096K), 4 survivors (4096K)
 Metaspace       used 17785K, committed 18112K, reserved 1114112K
  class space    used 2197K, committed 2368K, reserved 1048576K
}
Event: 1.813 GC heap before
{Heap before GC invocations=5 (full 0):
 garbage-first heap   total 76800K, used 37969K [0x00000000c4200000, 0x0000000100000000)
  region size 1024K, 35 young (35840K), 4 survivors (4096K)
 Metaspace       used 21161K, committed 21504K, reserved 1114112K
  class space    used 2704K, committed 2880K, reserved 1048576K
}
Event: 1.820 GC heap after
{Heap after GC invocations=6 (full 0):
 garbage-first heap   total 76800K, used 8955K [0x00000000c4200000, 0x0000000100000000)
  region size 1024K, 4 young (4096K), 4 survivors (4096K)
 Metaspace       used 21161K, committed 21504K, reserved 1114112K
  class space    used 2704K, committed 2880K, reserved 1048576K
}
Event: 2.051 GC heap before
{Heap before GC invocations=7 (full 0):
 garbage-first heap   total 37888K, used 29435K [0x00000000c4200000, 0x0000000100000000)
  region size 1024K, 25 young (25600K), 4 survivors (4096K)
 Metaspace       used 24438K, committed 24832K, reserved 1114112K
  class space    used 3079K, committed 3264K, reserved 1048576K
}
Event: 2.059 GC heap after
{Heap after GC invocations=8 (full 0):
 garbage-first heap   total 37888K, used 11054K [0x00000000c4200000, 0x0000000100000000)
  region size 1024K, 5 young (5120K), 5 survivors (5120K)
 Metaspace       used 24438K, committed 24832K, reserved 1114112K
  class space    used 3079K, committed 3264K, reserved 1048576K
}
Event: 2.240 GC heap before
{Heap before GC invocations=8 (full 0):
 garbage-first heap   total 37888K, used 27438K [0x00000000c4200000, 0x0000000100000000)
  region size 1024K, 21 young (21504K), 5 survivors (5120K)
 Metaspace       used 25834K, committed 26240K, reserved 1114112K
  class space    used 3262K, committed 3456K, reserved 1048576K
}
Event: 2.245 GC heap after
{Heap after GC invocations=9 (full 0):
 garbage-first heap   total 37888K, used 11995K [0x00000000c4200000, 0x0000000100000000)
  region size 1024K, 2 young (2048K), 2 survivors (2048K)
 Metaspace       used 25834K, committed 26240K, reserved 1114112K
  class space    used 3262K, committed 3456K, reserved 1048576K
}
Event: 2.456 GC heap before
{Heap before GC invocations=9 (full 0):
 garbage-first heap   total 37888K, used 27355K [0x00000000c4200000, 0x0000000100000000)
  region size 1024K, 17 young (17408K), 2 survivors (2048K)
 Metaspace       used 27260K, committed 27712K, reserved 1114112K
  class space    used 3443K, committed 3712K, reserved 1048576K
}
Event: 2.459 GC heap after
{Heap after GC invocations=10 (full 0):
 garbage-first heap   total 37888K, used 12387K [0x00000000c4200000, 0x0000000100000000)
  region size 1024K, 2 young (2048K), 2 survivors (2048K)
 Metaspace       used 27260K, committed 27712K, reserved 1114112K
  class space    used 3443K, committed 3712K, reserved 1048576K
}
Event: 5.189 GC heap before
{Heap before GC invocations=10 (full 0):
 garbage-first heap   total 37888K, used 26723K [0x00000000c4200000, 0x0000000100000000)
  region size 1024K, 17 young (17408K), 2 survivors (2048K)
 Metaspace       used 29333K, committed 29824K, reserved 1114112K
  class space    used 3709K, committed 3968K, reserved 1048576K
}
Event: 5.192 GC heap after
{Heap after GC invocations=11 (full 0):
 garbage-first heap   total 46080K, used 12929K [0x00000000c4200000, 0x0000000100000000)
  region size 1024K, 2 young (2048K), 2 survivors (2048K)
 Metaspace       used 29333K, committed 29824K, reserved 1114112K
  class space    used 3709K, committed 3968K, reserved 1048576K
}

