# JRE version: OpenJDK Runtime Environment (17.0.9+9) (build 17.0.9+9-Ubuntu-122.04)
# Java VM: OpenJDK 64-Bit Server VM (17.0.9+9-Ubuntu-122.04, mixed mode, sharing, tiered, compressed oops, compressed class ptrs, g1 gc, linux-amd64)
GC Precious Log:
 CPUs: 8 total, 8 available
 Memory: 3825M
 Large Page Support: Disabled
 NUMA Support: Disabled
 Compressed Oops: Enabled (32-bit)
 Heap Region Size: 1M
 Heap Min Capacity: 8M
 Heap Initial Capacity: 60M
 Heap Max Capacity: 958M
 Pre-touch: Disabled
 Parallel Workers: 8
 Concurrent Workers: 2
 Concurrent Refinement Workers: 8
 Periodic GC: Disabled
Heap:
 garbage-first heap   total 49152K, used 22823K [0x00000000c4200000, 0x0000000100000000)
  region size 1024K, 9 young (9216K), 1 survivors (1024K)
 Metaspace       used 30943K, committed 31424K, reserved 1114112K
  class space    used 3864K, committed 4096K, reserved 1048576K
GC Heap History (20 events):
Event: 0.761 GC heap before
{Heap before GC invocations=1 (full 0):
 garbage-first heap   total 63488K, used 37424K [0x00000000c4200000, 0x0000000100000000)
  region size 1024K, 36 young (36864K), 2 survivors (2048K)
 Metaspace       used 8107K, committed 8384K, reserved 1114112K
  class space    used 1004K, committed 1152K, reserved 1048576K
}
Event: 0.766 GC heap after
{Heap after GC invocations=2 (full 0):
 garbage-first heap   total 63488K, used 3909K [0x00000000c4200000, 0x0000000100000000)
  region size 1024K, 3 young (3072K), 3 survivors (3072K)
 Metaspace       used 8107K, committed 8384K, reserved 1114112K
  class space    used 1004K, committed 1152K, reserved 1048576K
}
Event: 0.928 GC heap before
{Heap before GC invocations=2 (full 0):
 garbage-first heap   total 63488K, used 37701K [0x00000000c4200000, 0x0000000100000000)
  region size 1024K, 36 young (36864K), 3 survivors (3072K)
 Metaspace       used 12318K, committed 12608K, reserved 1114112K
  class space    used 1488K, committed 1664K, reserved 1048576K
}
Event: 0.934 GC heap after
{Heap after GC invocations=3 (full 0):
 garbage-first heap   total 63488K, used 5183K [0x00000000c4200000, 0x0000000100000000)
  region size 1024K, 3 young (3072K), 3 survivors (3072K)
 Metaspace       used 12318K, committed 12608K, reserved 1114112K
  class space    used 1488K, committed 1664K, reserved 1048576K
}
Event: 1.122 GC heap before
{Heap before GC invocations=3 (full 0):
 garbage-first heap   total 63488K, used 38975K [0x00000000c4200000, 0x0000000100000000)
  region size 1024K, 36 young (36864K), 3 survivors (3072K)
 Metaspace       used 15732K, committed 16064K, reserved 1114112K
  class space    used 1958K, committed 2112K, reserved 1048576K
}
Event: 1.126 GC heap after
{Heap after GC invocations=4 (full 0):
 garbage-first heap   total 63488K, used 6531K [0x00000000c4200000, 0x0000000100000000)
  region size 1024K, 3 young (3072K), 3 survivors (3072K)
 Metaspace       used 15732K, committed 16064K, reserved 1114112K
  class space    used 1958K, committed 2112K, reserved 1048576K
}
Event: 1.402 GC heap before
{Heap before GC invocations=4 (full 0):
 garbage-first heap   total 63488K, used 39299K [0x00000000c4200000, 0x0000000100000000)
  region size 1024K, 36 young (36864K), 3 survivors (3072K)
 Metaspace       used 17671K, committed 17920K, reserved 1114112K
  class space    used 2183K, committed 2304K, reserved 1048576K
}
Event: 1.406 GC heap after
{Heap after GC invocations=5 (full 0):
 garbage-first heap   total 76800K, used 7286K [0x00000000c4200000, 0x0000000100000000)
  region size 1024K, 4 young (4096K), 4 survivors (4096K)
 Metaspace       used 17671K, committed 17920K, reserved 1114112K
  class space    used 2183K, committed 2304K, reserved 1048576K
}
Event: 1.796 GC heap before
{Heap before GC invocations=5 (full 0):
 garbage-first heap   total 76800K, used 39030K [0x00000000c4200000, 0x0000000100000000)
  region size 1024K, 36 young (36864K), 4 survivors (4096K)
 Metaspace       used 21152K, committed 21504K, reserved 1114112K
  class space    used 2698K, committed 2880K, reserved 1048576K
}
Event: 1.804 GC heap after
{Heap after GC invocations=6 (full 0):
 garbage-first heap   total 76800K, used 9012K [0x00000000c4200000, 0x0000000100000000)
  region size 1024K, 4 young (4096K), 4 survivors (4096K)
 Metaspace       used 21152K, committed 21504K, reserved 1114112K
  class space    used 2698K, committed 2880K, reserved 1048576K
}
Event: 2.062 GC heap before
{Heap before GC invocations=7 (full 0):
 garbage-first heap   total 40960K, used 32564K [0x00000000c4200000, 0x0000000100000000)
  region size 1024K, 28 young (28672K), 4 survivors (4096K)
 Metaspace       used 24691K, committed 25152K, reserved 1114112K
  class space    used 3116K, committed 3328K, reserved 1048576K
}
Event: 2.068 GC heap after
{Heap after GC invocations=8 (full 0):
 garbage-first heap   total 40960K, used 10940K [0x00000000c4200000, 0x0000000100000000)
  region size 1024K, 5 young (5120K), 5 survivors (5120K)
 Metaspace       used 24691K, committed 25152K, reserved 1114112K
  class space    used 3116K, committed 3328K, reserved 1048576K
}
Event: 2.225 GC heap before
{Heap before GC invocations=8 (full 0):
 garbage-first heap   total 40960K, used 30396K [0x00000000c4200000, 0x0000000100000000)
  region size 1024K, 24 young (24576K), 5 survivors (5120K)
 Metaspace       used 26279K, committed 26752K, reserved 1114112K
  class space    used 3318K, committed 3520K, reserved 1048576K
}
Event: 2.231 GC heap after
{Heap after GC invocations=9 (full 0):
 garbage-first heap   total 40960K, used 11805K [0x00000000c4200000, 0x0000000100000000)
  region size 1024K, 2 young (2048K), 2 survivors (2048K)
 Metaspace       used 26279K, committed 26752K, reserved 1114112K
  class space    used 3318K, committed 3520K, reserved 1048576K
}
Event: 12.858 GC heap before
{Heap before GC invocations=9 (full 0):
 garbage-first heap   total 40960K, used 30237K [0x00000000c4200000, 0x0000000100000000)
  region size 1024K, 20 young (20480K), 2 survivors (2048K)
 Metaspace       used 28639K, committed 29120K, reserved 1114112K
  class space    used 3605K, committed 3840K, reserved 1048576K
}
Event: 12.861 GC heap after
{Heap after GC invocations=10 (full 0):
 garbage-first heap   total 40960K, used 12725K [0x00000000c4200000, 0x0000000100000000)
  region size 1024K, 3 young (3072K), 3 survivors (3072K)
 Metaspace       used 28639K, committed 29120K, reserved 1114112K
  class space    used 3605K, committed 3840K, reserved 1048576K
}
Event: 13.073 GC heap before
{Heap before GC invocations=10 (full 0):
 garbage-first heap   total 40960K, used 29109K [0x00000000c4200000, 0x0000000100000000)
  region size 1024K, 20 young (20480K), 3 survivors (3072K)
 Metaspace       used 30634K, committed 31040K, reserved 1114112K
  class space    used 3834K, committed 4032K, reserved 1048576K
}
Event: 13.077 GC heap after
{Heap after GC invocations=11 (full 0):
 garbage-first heap   total 40960K, used 17620K [0x00000000c4200000, 0x0000000100000000)
  region size 1024K, 3 young (3072K), 3 survivors (3072K)
 Metaspace       used 30634K, committed 31040K, reserved 1114112K
  class space    used 3834K, committed 4032K, reserved 1048576K
}
Event: 21.895 GC heap before
{Heap before GC invocations=11 (full 0):
 garbage-first heap   total 40960K, used 27860K [0x00000000c4200000, 0x0000000100000000)
  region size 1024K, 13 young (13312K), 3 survivors (3072K)
 Metaspace       used 30911K, committed 31424K, reserved 1114112K
  class space    used 3861K, committed 4096K, reserved 1048576K
}
Event: 21.919 GC heap after
{Heap after GC invocations=12 (full 0):
 garbage-first heap   total 49152K, used 16679K [0x00000000c4200000, 0x0000000100000000)
  region size 1024K, 1 young (1024K), 1 survivors (1024K)
 Metaspace       used 30911K, committed 31424K, reserved 1114112K
  class space    used 3861K, committed 4096K, reserved 1048576K
}

