# JRE version: OpenJDK Runtime Environment (17.0.9+9) (build 17.0.9+9-Ubuntu-122.04)
# Java VM: OpenJDK 64-Bit Server VM (17.0.9+9-Ubuntu-122.04, mixed mode, sharing, tiered, compressed oops, compressed class ptrs, g1 gc, linux-amd64)
GC Precious Log:
 CPUs: 8 total, 8 available
 Memory: 3825M
 Large Page Support: Disabled
 NUMA Support: Disabled
 Compressed Oops: Enabled (32-bit)
 Heap Region Size: 1M
 Heap Min Capacity: 8M
 Heap Initial Capacity: 60M
 Heap Max Capacity: 958M
 Pre-touch: Disabled
 Parallel Workers: 8
 Concurrent Workers: 2
 Concurrent Refinement Workers: 8
 Periodic GC: Disabled
Heap:
 garbage-first heap   total 78848K, used 36001K [0x00000000c4200000, 0x0000000100000000)
  region size 1024K, 26 young (26624K), 2 survivors (2048K)
 Metaspace       used 30639K, committed 31104K, reserved 1114112K
  class space    used 3839K, committed 4032K, reserved 1048576K
GC Heap History (20 events):
Event: 0.389 GC heap before
{Heap before GC invocations=0 (full 0):
 garbage-first heap   total 63488K, used 24496K [0x00000000c4200000, 0x0000000100000000)
  region size 1024K, 23 young (23552K), 0 survivors (0K)
 Metaspace       used 3829K, committed 4096K, reserved 1114112K
  class space    used 390K, committed 512K, reserved 1048576K
}
Event: 0.392 GC heap after
{Heap after GC invocations=1 (full 0):
 garbage-first heap   total 63488K, used 2608K [0x00000000c4200000, 0x0000000100000000)
  region size 1024K, 2 young (2048K), 2 survivors (2048K)
 Metaspace       used 3829K, committed 4096K, reserved 1114112K
  class space    used 390K, committed 512K, reserved 1048576K
}
Event: 0.774 GC heap before
{Heap before GC invocations=1 (full 0):
 garbage-first heap   total 63488K, used 37424K [0x00000000c4200000, 0x0000000100000000)
  region size 1024K, 36 young (36864K), 2 survivors (2048K)
 Metaspace       used 8109K, committed 8384K, reserved 1114112K
  class space    used 1003K, committed 1152K, reserved 1048576K
}
Event: 0.778 GC heap after
{Heap after GC invocations=2 (full 0):
 garbage-first heap   total 63488K, used 3917K [0x00000000c4200000, 0x0000000100000000)
  region size 1024K, 3 young (3072K), 3 survivors (3072K)
 Metaspace       used 8109K, committed 8384K, reserved 1114112K
  class space    used 1003K, committed 1152K, reserved 1048576K
}
Event: 0.926 GC heap before
{Heap before GC invocations=2 (full 0):
 garbage-first heap   total 63488K, used 37709K [0x00000000c4200000, 0x0000000100000000)
  region size 1024K, 36 young (36864K), 3 survivors (3072K)
 Metaspace       used 12203K, committed 12416K, reserved 1114112K
  class space    used 1475K, committed 1600K, reserved 1048576K
}
Event: 0.931 GC heap after
{Heap after GC invocations=3 (full 0):
 garbage-first heap   total 63488K, used 5321K [0x00000000c4200000, 0x0000000100000000)
  region size 1024K, 3 young (3072K), 3 survivors (3072K)
 Metaspace       used 12203K, committed 12416K, reserved 1114112K
  class space    used 1475K, committed 1600K, reserved 1048576K
}
Event: 1.179 GC heap before
{Heap before GC invocations=3 (full 0):
 garbage-first heap   total 63488K, used 39113K [0x00000000c4200000, 0x0000000100000000)
  region size 1024K, 36 young (36864K), 3 survivors (3072K)
 Metaspace       used 15747K, committed 16000K, reserved 1114112K
  class space    used 1957K, committed 2112K, reserved 1048576K
}
Event: 1.185 GC heap after
{Heap after GC invocations=4 (full 0):
 garbage-first heap   total 63488K, used 6360K [0x00000000c4200000, 0x0000000100000000)
  region size 1024K, 3 young (3072K), 3 survivors (3072K)
 Metaspace       used 15747K, committed 16000K, reserved 1114112K
  class space    used 1957K, committed 2112K, reserved 1048576K
}
Event: 1.491 GC heap before
{Heap before GC invocations=4 (full 0):
 garbage-first heap   total 63488K, used 40152K [0x00000000c4200000, 0x0000000100000000)
  region size 1024K, 36 young (36864K), 3 survivors (3072K)
 Metaspace       used 17690K, committed 17984K, reserved 1114112K
  class space    used 2185K, committed 2304K, reserved 1048576K
}
Event: 1.496 GC heap after
{Heap after GC invocations=5 (full 0):
 garbage-first heap   total 63488K, used 7210K [0x00000000c4200000, 0x0000000100000000)
  region size 1024K, 4 young (4096K), 4 survivors (4096K)
 Metaspace       used 17690K, committed 17984K, reserved 1114112K
  class space    used 2185K, committed 2304K, reserved 1048576K
}
Event: 1.881 GC heap before
{Heap before GC invocations=5 (full 0):
 garbage-first heap   total 63488K, used 37930K [0x00000000c4200000, 0x0000000100000000)
  region size 1024K, 36 young (36864K), 4 survivors (4096K)
 Metaspace       used 21156K, committed 21504K, reserved 1114112K
  class space    used 2702K, committed 2880K, reserved 1048576K
}
Event: 1.887 GC heap after
{Heap after GC invocations=6 (full 0):
 garbage-first heap   total 76800K, used 8874K [0x00000000c4200000, 0x0000000100000000)
  region size 1024K, 4 young (4096K), 4 survivors (4096K)
 Metaspace       used 21156K, committed 21504K, reserved 1114112K
  class space    used 2702K, committed 2880K, reserved 1048576K
}
Event: 2.133 GC heap before
{Heap before GC invocations=7 (full 0):
 garbage-first heap   total 37888K, used 29354K [0x00000000c4200000, 0x0000000100000000)
  region size 1024K, 25 young (25600K), 4 survivors (4096K)
 Metaspace       used 24412K, committed 24832K, reserved 1114112K
  class space    used 3077K, committed 3264K, reserved 1048576K
}
Event: 2.140 GC heap after
{Heap after GC invocations=8 (full 0):
 garbage-first heap   total 37888K, used 10698K [0x00000000c4200000, 0x0000000100000000)
  region size 1024K, 5 young (5120K), 5 survivors (5120K)
 Metaspace       used 24412K, committed 24832K, reserved 1114112K
  class space    used 3077K, committed 3264K, reserved 1048576K
}
Event: 2.148 GC heap before
{Heap before GC invocations=8 (full 0):
 garbage-first heap   total 37888K, used 11722K [0x00000000c4200000, 0x0000000100000000)
  region size 1024K, 6 young (6144K), 5 survivors (5120K)
 Metaspace       used 24495K, committed 24960K, reserved 1114112K
  class space    used 3087K, committed 3328K, reserved 1048576K
}
Event: 2.155 GC heap after
{Heap after GC invocations=9 (full 0):
 garbage-first heap   total 37888K, used 11293K [0x00000000c4200000, 0x0000000100000000)
  region size 1024K, 1 young (1024K), 1 survivors (1024K)
 Metaspace       used 24495K, committed 24960K, reserved 1114112K
  class space    used 3087K, committed 3328K, reserved 1048576K
}
Event: 2.331 GC heap before
{Heap before GC invocations=9 (full 0):
 garbage-first heap   total 37888K, used 27677K [0x00000000c4200000, 0x0000000100000000)
  region size 1024K, 17 young (17408K), 1 survivors (1024K)
 Metaspace       used 25890K, committed 26304K, reserved 1114112K
  class space    used 3267K, committed 3456K, reserved 1048576K
}
Event: 2.334 GC heap after
{Heap after GC invocations=10 (full 0):
 garbage-first heap   total 37888K, used 11485K [0x00000000c4200000, 0x0000000100000000)
  region size 1024K, 2 young (2048K), 2 survivors (2048K)
 Metaspace       used 25890K, committed 26304K, reserved 1114112K
  class space    used 3267K, committed 3456K, reserved 1048576K
}
Event: 2.483 GC heap before
{Heap before GC invocations=10 (full 0):
 garbage-first heap   total 37888K, used 26845K [0x00000000c4200000, 0x0000000100000000)
  region size 1024K, 17 young (17408K), 2 survivors (2048K)
 Metaspace       used 27265K, committed 27648K, reserved 1114112K
  class space    used 3442K, committed 3648K, reserved 1048576K
}
Event: 2.486 GC heap after
{Heap after GC invocations=11 (full 0):
 garbage-first heap   total 78848K, used 12449K [0x00000000c4200000, 0x0000000100000000)
  region size 1024K, 2 young (2048K), 2 survivors (2048K)
 Metaspace       used 27265K, committed 27648K, reserved 1114112K
  class space    used 3442K, committed 3648K, reserved 1048576K
}

